<?xml version="1.0" encoding="UTF-8"?>
<testsuite name="com.thoughtworks.integrationTest.FizzBuzzGameIntegrationTest" tests="1" skipped="0" failures="0" errors="0" timestamp="2018-04-06T03:25:09" hostname="liust.local" time="0.006">
  <properties/>
  <testcase name="testFizzBuzzGameResults" classname="com.thoughtworks.integrationTest.FizzBuzzGameIntegrationTest" time="0.006"/>
  <system-out><![CDATA[]]></system-out>
  <system-err><![CDATA[]]></system-err>
</testsuite>
