<?xml version="1.0" encoding="UTF-8"?>
<testsuite name="com.thoughtworks.FizzBuzzGameTest" tests="1" skipped="0" failures="0" errors="0" timestamp="2018-04-06T02:53:49" hostname="liust.local" time="0.0">
  <properties/>
  <testcase name="should_return_Fizz_when_have_3" classname="com.thoughtworks.FizzBuzzGameTest" time="0.0"/>
  <system-out><![CDATA[]]></system-out>
  <system-err><![CDATA[]]></system-err>
</testsuite>
